<?xml version="1.0" encoding="utf-8" standalone="no"?>
<test-results xmlns:xsi="http://www.w3.org/2001/XMLSchema-instance" xsi:noNamespaceSchemaLocation="nunit_schema_2.5.xsd" name="Pester" total="37" errors="0" failures="7" not-run="0" inconclusive="0" ignored="0" skipped="2" invalid="0" date="2023-09-02" time="23:56:25">
  <environment user-domain="" nunit-version="2.5.8.0" machine-name="codespaces-7180a1" cwd="/workspaces/ChocoLogParse/tests" user="root" platform="Linux" clr-version="7.0.9" os-version="5.15.0-1041-azure" />
  <culture-info current-culture="en-US" current-uiculture="en-US" />
  <test-suite type="TestFixture" name="Pester" executed="True" result="Failure" success="False" time="1.7647" asserts="0" description="Pester">
    <results>
      <test-suite type="TestFixture" name="/workspaces/ChocoLogParse/tests/Help.tests.ps1" executed="True" result="Success" success="True" time="1.1037" asserts="0" description="/workspaces/ChocoLogParse/tests/Help.tests.ps1">
        <results>
          <test-suite type="TestFixture" name="Test help for Read-ChocoLog" executed="True" result="Success" success="True" time="0.4554" asserts="0" description="Test help for Read-ChocoLog">
            <results>
              <test-suite type="TestFixture" name="Test help for Read-ChocoLog.Parameter FileLimit" executed="True" result="Success" success="True" time="0.246" asserts="0" description="Test help for Read-ChocoLog.Parameter FileLimit">
                <results>
                  <test-case description="Has description" name="Test help for Read-ChocoLog.Parameter FileLimit.Has description" time="0.0148" asserts="0" success="True" result="Success" executed="True" />
                  <test-case description="Has correct [mandatory] value" name="Test help for Read-ChocoLog.Parameter FileLimit.Has correct [mandatory] value" time="0.03" asserts="0" success="True" result="Success" executed="True" />
                  <test-case description="Has correct parameter type" name="Test help for Read-ChocoLog.Parameter FileLimit.Has correct parameter type" time="0.0096" asserts="0" success="True" result="Success" executed="True" />
                </results>
              </test-suite>
              <test-suite type="TestFixture" name="Test help for Read-ChocoLog.Parameter Filter" executed="True" result="Success" success="True" time="0.282" asserts="0" description="Test help for Read-ChocoLog.Parameter Filter">
                <results>
                  <test-case description="Has description" name="Test help for Read-ChocoLog.Parameter Filter.Has description" time="0.0084" asserts="0" success="True" result="Success" executed="True" />
                  <test-case description="Has correct [mandatory] value" name="Test help for Read-ChocoLog.Parameter Filter.Has correct [mandatory] value" time="0.0107" asserts="0" success="True" result="Success" executed="True" />
                  <test-case description="Has correct parameter type" name="Test help for Read-ChocoLog.Parameter Filter.Has correct parameter type" time="0.0095" asserts="0" success="True" result="Success" executed="True" />
                </results>
              </test-suite>
              <test-suite type="TestFixture" name="Test help for Read-ChocoLog.Parameter Path" executed="True" result="Success" success="True" time="0.3458" asserts="0" description="Test help for Read-ChocoLog.Parameter Path">
                <results>
                  <test-case description="Has description" name="Test help for Read-ChocoLog.Parameter Path.Has description" time="0.0109" asserts="0" success="True" result="Success" executed="True" />
                  <test-case description="Has correct [mandatory] value" name="Test help for Read-ChocoLog.Parameter Path.Has correct [mandatory] value" time="0.0209" asserts="0" success="True" result="Success" executed="True" />
                  <test-case description="Has correct parameter type" name="Test help for Read-ChocoLog.Parameter Path.Has correct parameter type" time="0.0156" asserts="0" success="True" result="Success" executed="True" />
                </results>
              </test-suite>
              <test-suite type="TestFixture" name="Test help for Read-ChocoLog.Parameter PatternLayout" executed="True" result="Success" success="True" time="0.4288" asserts="0" description="Test help for Read-ChocoLog.Parameter PatternLayout">
                <results>
                  <test-case description="Has description" name="Test help for Read-ChocoLog.Parameter PatternLayout.Has description" time="0.0253" asserts="0" success="True" result="Success" executed="True" />
                  <test-case description="Has correct [mandatory] value" name="Test help for Read-ChocoLog.Parameter PatternLayout.Has correct [mandatory] value" time="0.0178" asserts="0" success="True" result="Success" executed="True" />
                  <test-case description="Has correct parameter type" name="Test help for Read-ChocoLog.Parameter PatternLayout.Has correct parameter type" time="0.0207" asserts="0" success="True" result="Success" executed="True" />
                </results>
              </test-suite>
              <test-case description="Help is not auto-generated" name="Test help for Read-ChocoLog.Help is not auto-generated" time="0.1175" asserts="0" success="True" result="Success" executed="True" />
              <test-case description="Has description" name="Test help for Read-ChocoLog.Has description" time="0.0201" asserts="0" success="True" result="Success" executed="True" />
              <test-case description="Has example code" name="Test help for Read-ChocoLog.Has example code" time="0.0115" asserts="0" success="True" result="Success" executed="True" />
              <test-case description="Has example help" name="Test help for Read-ChocoLog.Has example help" time="0.0087" asserts="0" success="True" result="Success" executed="True" />
            </results>
          </test-suite>
        </results>
      </test-suite>
      <test-suite type="TestFixture" name="/workspaces/ChocoLogParse/tests/Manifest.tests.ps1" executed="True" result="Ignored" success="True" time="0.2192" asserts="0" description="/workspaces/ChocoLogParse/tests/Manifest.tests.ps1">
        <results>
          <test-suite type="TestFixture" name="Module manifest" executed="True" result="Success" success="True" time="0.1337" asserts="0" description="Module manifest">
            <results>
              <test-suite type="TestFixture" name="Module manifest.Validation" executed="True" result="Success" success="True" time="0.1277" asserts="0" description="Module manifest.Validation">
                <results>
                  <test-case description="Has a valid manifest" name="Module manifest.Validation.Has a valid manifest" time="0.011" asserts="0" success="True" result="Success" executed="True" />
                  <test-case description="Has a valid name in the manifest" name="Module manifest.Validation.Has a valid name in the manifest" time="0.0103" asserts="0" success="True" result="Success" executed="True" />
                  <test-case description="Has a valid root module" name="Module manifest.Validation.Has a valid root module" time="0.0113" asserts="0" success="True" result="Success" executed="True" />
                  <test-case description="Has a valid version in the manifest" name="Module manifest.Validation.Has a valid version in the manifest" time="0.0131" asserts="0" success="True" result="Success" executed="True" />
                  <test-case description="Has a valid description" name="Module manifest.Validation.Has a valid description" time="0.0098" asserts="0" success="True" result="Success" executed="True" />
                  <test-case description="Has a valid author" name="Module manifest.Validation.Has a valid author" time="0.0093" asserts="0" success="True" result="Success" executed="True" />
                  <test-case description="Has a valid guid" name="Module manifest.Validation.Has a valid guid" time="0.0252" asserts="0" success="True" result="Success" executed="True" />
                  <test-case description="Has a valid copyright" name="Module manifest.Validation.Has a valid copyright" time="0.0095" asserts="0" success="True" result="Success" executed="True" />
                  <test-case description="Has a valid version in the changelog" name="Module manifest.Validation.Has a valid version in the changelog" time="0.0097" asserts="0" success="True" result="Success" executed="True" />
                  <test-case description="Changelog and manifest versions are the same" name="Module manifest.Validation.Changelog and manifest versions are the same" time="0.0112" asserts="0" success="True" result="Success" executed="True" />
                </results>
              </test-suite>
            </results>
          </test-suite>
          <test-suite type="TestFixture" name="Git tagging" executed="True" result="Ignored" success="True" time="0.1645" asserts="0" description="Git tagging">
            <results>
              <test-case description="Is tagged with a valid version" name="Git tagging.Is tagged with a valid version" time="0.0103" asserts="0" success="False" result="Ignored" executed="False" />
              <test-case description="Matches manifest version" name="Git tagging.Matches manifest version" time="0.0048" asserts="0" success="False" result="Ignored" executed="False" />
            </results>
          </test-suite>
        </results>
      </test-suite>
      <test-suite type="TestFixture" name="/workspaces/ChocoLogParse/tests/Meta.tests.ps1" executed="True" result="Success" success="True" time="0.2512" asserts="0" description="/workspaces/ChocoLogParse/tests/Meta.tests.ps1">
        <results>
          <test-suite type="TestFixture" name="Text files formatting" executed="True" result="Success" success="True" time="0.106" asserts="0" description="Text files formatting">
            <results>
              <test-suite type="TestFixture" name="Text files formatting.File encoding" executed="True" result="Success" success="True" time="0.0149" asserts="0" description="Text files formatting.File encoding">
                <results>
                  <test-case description="No text file uses Unicode/UTF-16 encoding" name="Text files formatting.File encoding.No text file uses Unicode/UTF-16 encoding" time="0.0093" asserts="0" success="True" result="Success" executed="True" />
                </results>
              </test-suite>
              <test-suite type="TestFixture" name="Text files formatting.Indentations" executed="True" result="Success" success="True" time="0.0912" asserts="0" description="Text files formatting.Indentations">
                <results>
                  <test-case description="No text file use tabs for indentations" name="Text files formatting.Indentations.No text file use tabs for indentations" time="0.0715" asserts="0" success="True" result="Success" executed="True" />
                </results>
              </test-suite>
            </results>
          </test-suite>
        </results>
      </test-suite>
      <test-suite type="TestFixture" name="/workspaces/ChocoLogParse/tests/Read-ChocoLog.tests.ps1" executed="True" result="Failure" success="False" time="0.1906" asserts="0" description="/workspaces/ChocoLogParse/tests/Read-ChocoLog.tests.ps1">
        <results>
          <test-suite type="TestFixture" name="Read-ChocoLog" executed="True" result="Failure" success="False" time="0.1368" asserts="0" description="Read-ChocoLog">
            <results>
              <test-suite type="TestFixture" name="Read-ChocoLog.For Single File" executed="True" result="Failure" success="False" time="0" asserts="0" description="Read-ChocoLog.For Single File">
                <results>
                  <test-case description="Parses the correct number of sessions" name="Read-ChocoLog.For Single File.Parses the correct number of sessions" time="0" asserts="0" success="False" result="Failure" executed="True">
                    <failure>
                      <message>This test should run but it did not. Most likely a setup in some parent block failed.</message>
                      <stack-trace />
                    </failure>
                  </test-case>
                  <test-case description="Parses the correct number of lines per session" name="Read-ChocoLog.For Single File.Parses the correct number of lines per session" time="0" asserts="0" success="False" result="Failure" executed="True">
                    <failure>
                      <message>This test should run but it did not. Most likely a setup in some parent block failed.</message>
                      <stack-trace />
                    </failure>
                  </test-case>
                  <test-case description="Detects the exit code" name="Read-ChocoLog.For Single File.Detects the exit code" time="0" asserts="0" success="False" result="Failure" executed="True">
                    <failure>
                      <message>This test should run but it did not. Most likely a setup in some parent block failed.</message>
                      <stack-trace />
                    </failure>
                  </test-case>
                  <test-case description="Detects the right session number" name="Read-ChocoLog.For Single File.Detects the right session number" time="0" asserts="0" success="False" result="Failure" executed="True">
                    <failure>
                      <message>This test should run but it did not. Most likely a setup in some parent block failed.</message>
                      <stack-trace />
                    </failure>
                  </test-case>
                </results>
              </test-suite>
              <test-suite type="TestFixture" name="Read-ChocoLog.For Folder Path" executed="True" result="Failure" success="False" time="0" asserts="0" description="Read-ChocoLog.For Folder Path">
                <results>
                  <test-case description="Parses the correct default number of sessions" name="Read-ChocoLog.For Folder Path.Parses the correct default number of sessions" time="0" asserts="0" success="False" result="Failure" executed="True">
                    <failure>
                      <message>This test should run but it did not. Most likely a setup in some parent block failed.</message>
                      <stack-trace />
                    </failure>
                  </test-case>
                  <test-case description="Parses the correct number of sessions for increased limit" name="Read-ChocoLog.For Folder Path.Parses the correct number of sessions for increased limit" time="0" asserts="0" success="False" result="Failure" executed="True">
                    <failure>
                      <message>This test should run but it did not. Most likely a setup in some parent block failed.</message>
                      <stack-trace />
                    </failure>
                  </test-case>
                  <test-case description="Parses the correct number of lines per session" name="Read-ChocoLog.For Folder Path.Parses the correct number of lines per session" time="0" asserts="0" success="False" result="Failure" executed="True">
                    <failure>
                      <message>This test should run but it did not. Most likely a setup in some parent block failed.</message>
                      <stack-trace />
                    </failure>
                  </test-case>
                </results>
              </test-suite>
            </results>
          </test-suite>
        </results>
      </test-suite>
    </results>
  </test-suite>
</test-results>